package configuration for openssl is not found
have_library: checking for main() in -lssl... -------------------- yes

"clang -o conftest -I/Users/Ashton/.rvm/rubies/ruby-1.9.3-p194/include/ruby-1.9.1/x86_64-darwin12.1.0 -I/Users/Ashton/.rvm/rubies/ruby-1.9.3-p194/include/ruby-1.9.1/ruby/backward -I/Users/Ashton/.rvm/rubies/ruby-1.9.3-p194/include/ruby-1.9.1 -I. -I/Users/Ashton/.rvm/usr/include -D_XOPEN_SOURCE -D_DARWIN_C_SOURCE    -O3 -ggdb -Wextra -Wno-unused-parameter -Wno-parentheses -Wno-long-long -Wno-missing-field-initializers -Wpointer-arith -Wwrite-strings -Wdeclaration-after-statement -Wshorten-64-to-32 -Wimplicit-function-declaration  -fno-common -pipe conftest.c  -L. -L/Users/Ashton/.rvm/rubies/ruby-1.9.3-p194/lib -L/Users/Ashton/.rvm/usr/lib -L.      -lruby.1.9.1  -lpthread -ldl -lobjc "
checked program was:
/* begin */
1: #include "ruby.h"
2: 
3: int main() {return 0;}
/* end */

"clang -o conftest -I/Users/Ashton/.rvm/rubies/ruby-1.9.3-p194/include/ruby-1.9.1/x86_64-darwin12.1.0 -I/Users/Ashton/.rvm/rubies/ruby-1.9.3-p194/include/ruby-1.9.1/ruby/backward -I/Users/Ashton/.rvm/rubies/ruby-1.9.3-p194/include/ruby-1.9.1 -I. -I/Users/Ashton/.rvm/usr/include -D_XOPEN_SOURCE -D_DARWIN_C_SOURCE    -O3 -ggdb -Wextra -Wno-unused-parameter -Wno-parentheses -Wno-long-long -Wno-missing-field-initializers -Wpointer-arith -Wwrite-strings -Wdeclaration-after-statement -Wshorten-64-to-32 -Wimplicit-function-declaration  -fno-common -pipe conftest.c  -L. -L/Users/Ashton/.rvm/rubies/ruby-1.9.3-p194/lib -L/Users/Ashton/.rvm/usr/lib -L.      -lruby.1.9.1  -lssl -lpthread -ldl -lobjc "
checked program was:
/* begin */
1: #include "ruby.h"
2: 
3: /*top*/
4: int main() {return 0;}
5: int t() { void ((*volatile p)()); p = (void ((*)()))main; return 0; }
/* end */

--------------------

have_library: checking for main() in -lcrypto... -------------------- yes

"clang -o conftest -I/Users/Ashton/.rvm/rubies/ruby-1.9.3-p194/include/ruby-1.9.1/x86_64-darwin12.1.0 -I/Users/Ashton/.rvm/rubies/ruby-1.9.3-p194/include/ruby-1.9.1/ruby/backward -I/Users/Ashton/.rvm/rubies/ruby-1.9.3-p194/include/ruby-1.9.1 -I. -I/Users/Ashton/.rvm/usr/include -D_XOPEN_SOURCE -D_DARWIN_C_SOURCE    -O3 -ggdb -Wextra -Wno-unused-parameter -Wno-parentheses -Wno-long-long -Wno-missing-field-initializers -Wpointer-arith -Wwrite-strings -Wdeclaration-after-statement -Wshorten-64-to-32 -Wimplicit-function-declaration  -fno-common -pipe conftest.c  -L. -L/Users/Ashton/.rvm/rubies/ruby-1.9.3-p194/lib -L/Users/Ashton/.rvm/usr/lib -L.      -lssl -lruby.1.9.1  -lssl -lcrypto -lpthread -ldl -lobjc "
checked program was:
/* begin */
1: #include "ruby.h"
2: 
3: /*top*/
4: int main() {return 0;}
5: int t() { void ((*volatile p)()); p = (void ((*)()))main; return 0; }
/* end */

--------------------

have_header: checking for openssl/ssl.h... -------------------- yes

"clang -E -I/Users/Ashton/.rvm/rubies/ruby-1.9.3-p194/include/ruby-1.9.1/x86_64-darwin12.1.0 -I/Users/Ashton/.rvm/rubies/ruby-1.9.3-p194/include/ruby-1.9.1/ruby/backward -I/Users/Ashton/.rvm/rubies/ruby-1.9.3-p194/include/ruby-1.9.1 -I. -I/Users/Ashton/.rvm/usr/include -D_XOPEN_SOURCE -D_DARWIN_C_SOURCE    -O3 -ggdb -Wextra -Wno-unused-parameter -Wno-parentheses -Wno-long-long -Wno-missing-field-initializers -Wpointer-arith -Wwrite-strings -Wdeclaration-after-statement -Wshorten-64-to-32 -Wimplicit-function-declaration  -fno-common -pipe  conftest.c -o conftest.i"
checked program was:
/* begin */
1: #include "ruby.h"
2: 
3: #include <openssl/ssl.h>
/* end */

--------------------

have_header: checking for openssl/err.h... -------------------- yes

"clang -E -I/Users/Ashton/.rvm/rubies/ruby-1.9.3-p194/include/ruby-1.9.1/x86_64-darwin12.1.0 -I/Users/Ashton/.rvm/rubies/ruby-1.9.3-p194/include/ruby-1.9.1/ruby/backward -I/Users/Ashton/.rvm/rubies/ruby-1.9.3-p194/include/ruby-1.9.1 -I. -I/Users/Ashton/.rvm/usr/include -D_XOPEN_SOURCE -D_DARWIN_C_SOURCE    -O3 -ggdb -Wextra -Wno-unused-parameter -Wno-parentheses -Wno-long-long -Wno-missing-field-initializers -Wpointer-arith -Wwrite-strings -Wdeclaration-after-statement -Wshorten-64-to-32 -Wimplicit-function-declaration  -fno-common -pipe  conftest.c -o conftest.i"
checked program was:
/* begin */
1: #include "ruby.h"
2: 
3: #include <openssl/err.h>
/* end */

--------------------

have_var: checking for rb_trap_immediate in ruby.h,rubysig.h... -------------------- no

"clang -I/Users/Ashton/.rvm/rubies/ruby-1.9.3-p194/include/ruby-1.9.1/x86_64-darwin12.1.0 -I/Users/Ashton/.rvm/rubies/ruby-1.9.3-p194/include/ruby-1.9.1/ruby/backward -I/Users/Ashton/.rvm/rubies/ruby-1.9.3-p194/include/ruby-1.9.1 -I. -I/Users/Ashton/.rvm/usr/include -D_XOPEN_SOURCE -D_DARWIN_C_SOURCE    -O3 -ggdb -Wextra -Wno-unused-parameter -Wno-parentheses -Wno-long-long -Wno-missing-field-initializers -Wpointer-arith -Wwrite-strings -Wdeclaration-after-statement -Wshorten-64-to-32 -Wimplicit-function-declaration  -fno-common -pipe   -c conftest.c"
In file included from conftest.c:4:
/Users/Ashton/.rvm/rubies/ruby-1.9.3-p194/include/ruby-1.9.1/ruby/backward/rubysig.h:14:2: warning: rubysig.h is obsolete [-W#warnings]
#warning rubysig.h is obsolete
 ^
conftest.c:8:51: error: use of undeclared identifier 'rb_trap_immediate'
int t() { const volatile void *volatile p; p = &(&rb_trap_immediate)[0]; return 0; }
                                                  ^
1 warning and 1 error generated.
checked program was:
/* begin */
1: #include "ruby.h"
2: 
3: #include <ruby.h>
4: #include <rubysig.h>
5: 
6: /*top*/
7: int main() {return 0;}
8: int t() { const volatile void *volatile p; p = &(&rb_trap_immediate)[0]; return 0; }
/* end */

--------------------

have_func: checking for rb_thread_blocking_region()... -------------------- yes

"clang -o conftest -I/Users/Ashton/.rvm/rubies/ruby-1.9.3-p194/include/ruby-1.9.1/x86_64-darwin12.1.0 -I/Users/Ashton/.rvm/rubies/ruby-1.9.3-p194/include/ruby-1.9.1/ruby/backward -I/Users/Ashton/.rvm/rubies/ruby-1.9.3-p194/include/ruby-1.9.1 -I. -I/Users/Ashton/.rvm/usr/include -D_XOPEN_SOURCE -D_DARWIN_C_SOURCE    -O3 -ggdb -Wextra -Wno-unused-parameter -Wno-parentheses -Wno-long-long -Wno-missing-field-initializers -Wpointer-arith -Wwrite-strings -Wdeclaration-after-statement -Wshorten-64-to-32 -Wimplicit-function-declaration  -fno-common -pipe conftest.c  -L. -L/Users/Ashton/.rvm/rubies/ruby-1.9.3-p194/lib -L/Users/Ashton/.rvm/usr/lib -L.      -lssl -lcrypto -lruby.1.9.1  -lssl -lcrypto -lpthread -ldl -lobjc "
checked program was:
/* begin */
1: #include "ruby.h"
2: 
3: /*top*/
4: int main() {return 0;}
5: int t() { void ((*volatile p)()); p = (void ((*)()))rb_thread_blocking_region; return 0; }
/* end */

--------------------

have_func: checking for inotify_init() in sys/inotify.h... -------------------- no

"clang -o conftest -I/Users/Ashton/.rvm/rubies/ruby-1.9.3-p194/include/ruby-1.9.1/x86_64-darwin12.1.0 -I/Users/Ashton/.rvm/rubies/ruby-1.9.3-p194/include/ruby-1.9.1/ruby/backward -I/Users/Ashton/.rvm/rubies/ruby-1.9.3-p194/include/ruby-1.9.1 -I. -I/Users/Ashton/.rvm/usr/include -D_XOPEN_SOURCE -D_DARWIN_C_SOURCE    -O3 -ggdb -Wextra -Wno-unused-parameter -Wno-parentheses -Wno-long-long -Wno-missing-field-initializers -Wpointer-arith -Wwrite-strings -Wdeclaration-after-statement -Wshorten-64-to-32 -Wimplicit-function-declaration  -fno-common -pipe conftest.c  -L. -L/Users/Ashton/.rvm/rubies/ruby-1.9.3-p194/lib -L/Users/Ashton/.rvm/usr/lib -L.      -lssl -lcrypto -lruby.1.9.1  -lssl -lcrypto -lpthread -ldl -lobjc "
conftest.c:3:10: fatal error: 'sys/inotify.h' file not found
#include <sys/inotify.h>
         ^
1 error generated.
checked program was:
/* begin */
1: #include "ruby.h"
2: 
3: #include <sys/inotify.h>
4: 
5: /*top*/
6: int main() {return 0;}
7: int t() { void ((*volatile p)()); p = (void ((*)()))inotify_init; return 0; }
/* end */

"clang -o conftest -I/Users/Ashton/.rvm/rubies/ruby-1.9.3-p194/include/ruby-1.9.1/x86_64-darwin12.1.0 -I/Users/Ashton/.rvm/rubies/ruby-1.9.3-p194/include/ruby-1.9.1/ruby/backward -I/Users/Ashton/.rvm/rubies/ruby-1.9.3-p194/include/ruby-1.9.1 -I. -I/Users/Ashton/.rvm/usr/include -D_XOPEN_SOURCE -D_DARWIN_C_SOURCE    -O3 -ggdb -Wextra -Wno-unused-parameter -Wno-parentheses -Wno-long-long -Wno-missing-field-initializers -Wpointer-arith -Wwrite-strings -Wdeclaration-after-statement -Wshorten-64-to-32 -Wimplicit-function-declaration  -fno-common -pipe conftest.c  -L. -L/Users/Ashton/.rvm/rubies/ruby-1.9.3-p194/lib -L/Users/Ashton/.rvm/usr/lib -L.      -lssl -lcrypto -lruby.1.9.1  -lssl -lcrypto -lpthread -ldl -lobjc "
conftest.c:3:10: fatal error: 'sys/inotify.h' file not found
#include <sys/inotify.h>
         ^
1 error generated.
checked program was:
/* begin */
1: #include "ruby.h"
2: 
3: #include <sys/inotify.h>
4: 
5: /*top*/
6: int main() {return 0;}
7: int t() { inotify_init(); return 0; }
/* end */

--------------------

have_macro: checking for __NR_inotify_init in sys/syscall.h... -------------------- no

"clang -I/Users/Ashton/.rvm/rubies/ruby-1.9.3-p194/include/ruby-1.9.1/x86_64-darwin12.1.0 -I/Users/Ashton/.rvm/rubies/ruby-1.9.3-p194/include/ruby-1.9.1/ruby/backward -I/Users/Ashton/.rvm/rubies/ruby-1.9.3-p194/include/ruby-1.9.1 -I. -I/Users/Ashton/.rvm/usr/include -D_XOPEN_SOURCE -D_DARWIN_C_SOURCE    -O3 -ggdb -Wextra -Wno-unused-parameter -Wno-parentheses -Wno-long-long -Wno-missing-field-initializers -Wpointer-arith -Wwrite-strings -Wdeclaration-after-statement -Wshorten-64-to-32 -Wimplicit-function-declaration  -fno-common -pipe   -c conftest.c"
conftest.c:6:3: error: 
# error
  ^
conftest.c:7:1: error: expected identifier or '('
>>>>>> __NR_inotify_init undefined <<<<<<
^
2 errors generated.
checked program was:
/* begin */
1: #include "ruby.h"
2: 
3: #include <sys/syscall.h>
4: /*top*/
5: #ifndef __NR_inotify_init
6: # error
7: >>>>>> __NR_inotify_init undefined <<<<<<
8: #endif
/* end */

--------------------

have_func: checking for writev() in sys/uio.h... -------------------- yes

"clang -o conftest -I/Users/Ashton/.rvm/rubies/ruby-1.9.3-p194/include/ruby-1.9.1/x86_64-darwin12.1.0 -I/Users/Ashton/.rvm/rubies/ruby-1.9.3-p194/include/ruby-1.9.1/ruby/backward -I/Users/Ashton/.rvm/rubies/ruby-1.9.3-p194/include/ruby-1.9.1 -I. -I/Users/Ashton/.rvm/usr/include -D_XOPEN_SOURCE -D_DARWIN_C_SOURCE    -O3 -ggdb -Wextra -Wno-unused-parameter -Wno-parentheses -Wno-long-long -Wno-missing-field-initializers -Wpointer-arith -Wwrite-strings -Wdeclaration-after-statement -Wshorten-64-to-32 -Wimplicit-function-declaration  -fno-common -pipe conftest.c  -L. -L/Users/Ashton/.rvm/rubies/ruby-1.9.3-p194/lib -L/Users/Ashton/.rvm/usr/lib -L.      -lssl -lcrypto -lruby.1.9.1  -lssl -lcrypto -lpthread -ldl -lobjc "
checked program was:
/* begin */
1: #include "ruby.h"
2: 
3: #include <sys/uio.h>
4: 
5: /*top*/
6: int main() {return 0;}
7: int t() { void ((*volatile p)()); p = (void ((*)()))writev; return 0; }
/* end */

--------------------

have_func: checking for rb_thread_check_ints()... -------------------- yes

"clang -o conftest -I/Users/Ashton/.rvm/rubies/ruby-1.9.3-p194/include/ruby-1.9.1/x86_64-darwin12.1.0 -I/Users/Ashton/.rvm/rubies/ruby-1.9.3-p194/include/ruby-1.9.1/ruby/backward -I/Users/Ashton/.rvm/rubies/ruby-1.9.3-p194/include/ruby-1.9.1 -I. -I/Users/Ashton/.rvm/usr/include -D_XOPEN_SOURCE -D_DARWIN_C_SOURCE    -O3 -ggdb -Wextra -Wno-unused-parameter -Wno-parentheses -Wno-long-long -Wno-missing-field-initializers -Wpointer-arith -Wwrite-strings -Wdeclaration-after-statement -Wshorten-64-to-32 -Wimplicit-function-declaration  -fno-common -pipe conftest.c  -L. -L/Users/Ashton/.rvm/rubies/ruby-1.9.3-p194/lib -L/Users/Ashton/.rvm/usr/lib -L.      -lssl -lcrypto -lruby.1.9.1  -lssl -lcrypto -lpthread -ldl -lobjc "
checked program was:
/* begin */
1: #include "ruby.h"
2: 
3: /*top*/
4: int main() {return 0;}
5: int t() { void ((*volatile p)()); p = (void ((*)()))rb_thread_check_ints; return 0; }
/* end */

--------------------

have_func: checking for rb_time_new()... -------------------- yes

"clang -o conftest -I/Users/Ashton/.rvm/rubies/ruby-1.9.3-p194/include/ruby-1.9.1/x86_64-darwin12.1.0 -I/Users/Ashton/.rvm/rubies/ruby-1.9.3-p194/include/ruby-1.9.1/ruby/backward -I/Users/Ashton/.rvm/rubies/ruby-1.9.3-p194/include/ruby-1.9.1 -I. -I/Users/Ashton/.rvm/usr/include -D_XOPEN_SOURCE -D_DARWIN_C_SOURCE    -O3 -ggdb -Wextra -Wno-unused-parameter -Wno-parentheses -Wno-long-long -Wno-missing-field-initializers -Wpointer-arith -Wwrite-strings -Wdeclaration-after-statement -Wshorten-64-to-32 -Wimplicit-function-declaration  -fno-common -pipe conftest.c  -L. -L/Users/Ashton/.rvm/rubies/ruby-1.9.3-p194/lib -L/Users/Ashton/.rvm/usr/lib -L.      -lssl -lcrypto -lruby.1.9.1  -lssl -lcrypto -lpthread -ldl -lobjc "
checked program was:
/* begin */
1: #include "ruby.h"
2: 
3: /*top*/
4: int main() {return 0;}
5: int t() { void ((*volatile p)()); p = (void ((*)()))rb_time_new; return 0; }
/* end */

--------------------

have_header: checking for sys/event.h... -------------------- yes

"clang -E -I/Users/Ashton/.rvm/rubies/ruby-1.9.3-p194/include/ruby-1.9.1/x86_64-darwin12.1.0 -I/Users/Ashton/.rvm/rubies/ruby-1.9.3-p194/include/ruby-1.9.1/ruby/backward -I/Users/Ashton/.rvm/rubies/ruby-1.9.3-p194/include/ruby-1.9.1 -I. -I/Users/Ashton/.rvm/usr/include -D_XOPEN_SOURCE -D_DARWIN_C_SOURCE    -O3 -ggdb -Wextra -Wno-unused-parameter -Wno-parentheses -Wno-long-long -Wno-missing-field-initializers -Wpointer-arith -Wwrite-strings -Wdeclaration-after-statement -Wshorten-64-to-32 -Wimplicit-function-declaration  -fno-common -pipe  conftest.c -o conftest.i"
checked program was:
/* begin */
1: #include "ruby.h"
2: 
3: #include <sys/event.h>
/* end */

--------------------

have_header: checking for sys/queue.h... -------------------- yes

"clang -E -I/Users/Ashton/.rvm/rubies/ruby-1.9.3-p194/include/ruby-1.9.1/x86_64-darwin12.1.0 -I/Users/Ashton/.rvm/rubies/ruby-1.9.3-p194/include/ruby-1.9.1/ruby/backward -I/Users/Ashton/.rvm/rubies/ruby-1.9.3-p194/include/ruby-1.9.1 -I. -I/Users/Ashton/.rvm/usr/include -D_XOPEN_SOURCE -D_DARWIN_C_SOURCE    -O3 -ggdb -Wextra -Wno-unused-parameter -Wno-parentheses -Wno-long-long -Wno-missing-field-initializers -Wpointer-arith -Wwrite-strings -Wdeclaration-after-statement -Wshorten-64-to-32 -Wimplicit-function-declaration  -fno-common -pipe  conftest.c -o conftest.i"
checked program was:
/* begin */
1: #include "ruby.h"
2: 
3: #include <sys/queue.h>
/* end */

--------------------

"g++ -o conftest -I/Users/Ashton/.rvm/rubies/ruby-1.9.3-p194/include/ruby-1.9.1/x86_64-darwin12.1.0 -I/Users/Ashton/.rvm/rubies/ruby-1.9.3-p194/include/ruby-1.9.1/ruby/backward -I/Users/Ashton/.rvm/rubies/ruby-1.9.3-p194/include/ruby-1.9.1 -I. -I/Users/Ashton/.rvm/usr/include -D_XOPEN_SOURCE -D_DARWIN_C_SOURCE    -O3 -ggdb -Wextra -Wno-unused-parameter -Wno-parentheses -Wno-long-long -Wno-missing-field-initializers -Wpointer-arith -Wwrite-strings -Wdeclaration-after-statement -Wshorten-64-to-32 -Wimplicit-function-declaration  -fno-common -pipe conftest.c  -L. -L/Users/Ashton/.rvm/rubies/ruby-1.9.3-p194/lib -L/Users/Ashton/.rvm/usr/lib -L.      -lssl -lcrypto -lruby.1.9.1 -lstdc++ -lpthread -ldl -lobjc "
cc1plus: warning: command line option "-Wdeclaration-after-statement" is valid for C/ObjC but not for C++
cc1plus: warning: command line option "-Wimplicit-function-declaration" is valid for C/ObjC but not for C++
checked program was:
/* begin */
1: #include "ruby.h"
2: 
3:   #include <utility>
4:   using namespace std;
5:   int main(){ pair<int,int> tuple = make_pair(1,2); }
/* end */

